2025-09-15 11:14:38,896 - INFO - Starting Habitica party management script: update_description.
2025-09-15 11:14:39,177 - DEBUG - Request: <function get at 0x000001661E1A2840> https://sentence.iciba.com/?c=dailysentence&m=getTodaySentence
2025-09-15 11:14:44,902 - DEBUG - Request: <function get at 0x000001661E1A2840> https://habitica.com/api/v3/groups/party/members
2025-09-15 11:14:48,446 - DEBUG - Request: <function get at 0x000001661E1A2840> https://habitica.com/api/v3/members/018a0e53-dab9-478a-9b04-3b4d60f250ac
2025-09-15 11:14:52,840 - DEBUG - Request: <function get at 0x000001661E1A2840> https://habitica.com/api/v3/members/088d8c92-02b2-4e20-823d-1fab25549255
2025-09-15 11:14:56,239 - DEBUG - Request: <function get at 0x000001661E1A2840> https://habitica.com/api/v3/members/0b41e9cd-4d27-4841-b887-1d4faf7cb390
2025-09-15 11:15:00,711 - DEBUG - Request: <function get at 0x000001661E1A2840> https://habitica.com/api/v3/members/3e95e228-d253-482a-b95e-0130df2126e2
2025-09-15 11:15:03,525 - DEBUG - Request: <function get at 0x000001661E1A2840> https://habitica.com/api/v3/members/47073d7f-b68c-4e1e-9ec3-a763ebb974aa
2025-09-15 11:15:06,316 - DEBUG - Request: <function get at 0x000001661E1A2840> https://habitica.com/api/v3/members/64491d41-97f3-4428-b4d3-d7dda1cca648
2025-09-15 11:15:09,153 - DEBUG - Request: <function get at 0x000001661E1A2840> https://habitica.com/api/v3/members/65f2c0bf-9ca5-461c-af41-a39c9c921878
2025-09-15 11:15:12,890 - DEBUG - Request: <function get at 0x000001661E1A2840> https://habitica.com/api/v3/members/6db09709-d009-4174-b075-1ce03d52516a
2025-09-15 11:15:15,750 - DEBUG - Request: <function get at 0x000001661E1A2840> https://habitica.com/api/v3/members/7523a027-57da-45ae-aef0-9079599581cf
2025-09-15 11:15:19,948 - DEBUG - Request: <function get at 0x000001661E1A2840> https://habitica.com/api/v3/members/7b994239-779f-44b6-a409-af5623c3d73c
2025-09-15 11:15:24,357 - DEBUG - Request: <function get at 0x000001661E1A2840> https://habitica.com/api/v3/members/8e7e2b86-40df-4c29-add7-1fd4ad6f1518
2025-09-15 11:15:27,222 - DEBUG - Request: <function get at 0x000001661E1A2840> https://habitica.com/api/v3/members/9e169b42-8f3c-4cdd-acb4-1f07a9203206
2025-09-15 11:15:30,103 - DEBUG - Request: <function get at 0x000001661E1A2840> https://habitica.com/api/v3/members/afab3d53-5fa8-4654-9ed1-12281773cbed
2025-09-15 11:15:32,938 - DEBUG - Request: <function get at 0x000001661E1A2840> https://habitica.com/api/v3/members/b179230f-6bbb-4c93-ae9b-4b48f6d0d5a3
2025-09-15 11:15:36,359 - DEBUG - Request: <function get at 0x000001661E1A2840> https://habitica.com/api/v3/members/b508bbe6-435a-4ece-84a2-f62dfafe0799
2025-09-15 11:15:40,247 - DEBUG - Request: <function get at 0x000001661E1A2840> https://habitica.com/api/v3/members/b5119d0f-7044-4ec0-beea-eb03ff75b57f
2025-09-15 11:15:43,108 - DEBUG - Request: <function get at 0x000001661E1A2840> https://habitica.com/api/v3/members/d7a489cf-0c42-4f67-bd34-44c7dcc66425
2025-09-15 11:15:45,895 - DEBUG - Request: <function get at 0x000001661E1A2840> https://habitica.com/api/v3/members/dc80820e-26be-4e00-8547-2f12d03cd80d
2025-09-15 11:15:49,356 - DEBUG - Request: <function get at 0x000001661E1A2840> https://habitica.com/api/v3/members/e2ce7520-3ca5-45e1-acd7-4f65e14ab6c3
2025-09-15 11:15:52,569 - DEBUG - Request: <function get at 0x000001661E1A2840> https://habitica.com/api/v3/members/e4375523-016d-4beb-920b-a6abbfa1e703
2025-09-15 11:15:55,769 - DEBUG - Request: <function get at 0x000001661E1A2840> https://habitica.com/api/v3/members/e62e3fca-6970-4b47-b32f-61b6a94080ff
2025-09-15 11:16:01,889 - DEBUG - Request: <function put at 0x000001661E1F7600> https://habitica.com/api/v3/groups/party
2025-09-15 11:16:01,890 - INFO - Party description updated successfully.
2025-09-15 11:45:29,335 - INFO - Starting Habitica party management script: update_description.
2025-09-15 11:45:29,601 - DEBUG - Request: <function get at 0x0000015A6F762840> https://sentence.iciba.com/?c=dailysentence&m=getTodaySentence
2025-09-15 11:45:34,086 - DEBUG - Request: <function get at 0x0000015A6F762840> https://habitica.com/api/v3/groups/party/members
2025-09-15 11:45:37,343 - DEBUG - Request: <function get at 0x0000015A6F762840> https://habitica.com/api/v3/members/018a0e53-dab9-478a-9b04-3b4d60f250ac
2025-09-15 11:45:40,152 - DEBUG - Request: <function get at 0x0000015A6F762840> https://habitica.com/api/v3/members/088d8c92-02b2-4e20-823d-1fab25549255
2025-09-15 11:45:43,245 - DEBUG - Request: <function get at 0x0000015A6F762840> https://habitica.com/api/v3/members/0b41e9cd-4d27-4841-b887-1d4faf7cb390
2025-09-15 11:45:47,050 - DEBUG - Request: <function get at 0x0000015A6F762840> https://habitica.com/api/v3/members/3e95e228-d253-482a-b95e-0130df2126e2
2025-09-15 11:45:49,871 - DEBUG - Request: <function get at 0x0000015A6F762840> https://habitica.com/api/v3/members/47073d7f-b68c-4e1e-9ec3-a763ebb974aa
2025-09-15 11:45:54,260 - DEBUG - Request: <function get at 0x0000015A6F762840> https://habitica.com/api/v3/members/64491d41-97f3-4428-b4d3-d7dda1cca648
2025-09-15 11:45:57,076 - DEBUG - Request: <function get at 0x0000015A6F762840> https://habitica.com/api/v3/members/65f2c0bf-9ca5-461c-af41-a39c9c921878
2025-09-15 11:46:01,490 - DEBUG - Request: <function get at 0x0000015A6F762840> https://habitica.com/api/v3/members/6db09709-d009-4174-b075-1ce03d52516a
2025-09-15 11:46:04,469 - DEBUG - Request: <function get at 0x0000015A6F762840> https://habitica.com/api/v3/members/7523a027-57da-45ae-aef0-9079599581cf
2025-09-15 11:46:08,308 - DEBUG - Request: <function get at 0x0000015A6F762840> https://habitica.com/api/v3/members/7b994239-779f-44b6-a409-af5623c3d73c
2025-09-15 11:46:11,417 - DEBUG - Request: <function get at 0x0000015A6F762840> https://habitica.com/api/v3/members/8e7e2b86-40df-4c29-add7-1fd4ad6f1518
2025-09-15 11:46:14,312 - DEBUG - Request: <function get at 0x0000015A6F762840> https://habitica.com/api/v3/members/9e169b42-8f3c-4cdd-acb4-1f07a9203206
2025-09-15 11:46:17,502 - DEBUG - Request: <function get at 0x0000015A6F762840> https://habitica.com/api/v3/members/afab3d53-5fa8-4654-9ed1-12281773cbed
2025-09-15 11:46:20,320 - DEBUG - Request: <function get at 0x0000015A6F762840> https://habitica.com/api/v3/members/b179230f-6bbb-4c93-ae9b-4b48f6d0d5a3
2025-09-15 11:46:23,523 - DEBUG - Request: <function get at 0x0000015A6F762840> https://habitica.com/api/v3/members/b508bbe6-435a-4ece-84a2-f62dfafe0799
2025-09-15 11:46:26,329 - DEBUG - Request: <function get at 0x0000015A6F762840> https://habitica.com/api/v3/members/b5119d0f-7044-4ec0-beea-eb03ff75b57f
2025-09-15 11:46:30,684 - DEBUG - Request: <function get at 0x0000015A6F762840> https://habitica.com/api/v3/members/d7a489cf-0c42-4f67-bd34-44c7dcc66425
2025-09-15 11:46:33,440 - DEBUG - Request: <function get at 0x0000015A6F762840> https://habitica.com/api/v3/members/dc80820e-26be-4e00-8547-2f12d03cd80d
2025-09-15 11:46:37,050 - DEBUG - Request: <function get at 0x0000015A6F762840> https://habitica.com/api/v3/members/e2ce7520-3ca5-45e1-acd7-4f65e14ab6c3
2025-09-15 11:46:39,911 - DEBUG - Request: <function get at 0x0000015A6F762840> https://habitica.com/api/v3/members/e4375523-016d-4beb-920b-a6abbfa1e703
2025-09-15 11:46:46,270 - DEBUG - Request: <function get at 0x0000015A6F762840> https://habitica.com/api/v3/members/e62e3fca-6970-4b47-b32f-61b6a94080ff
2025-09-15 11:46:46,271 - ERROR - An error occurred while updating the party description: [Errno 2] No such file or directory: 'documents/brief_description.md'
2025-09-15 11:47:09,824 - INFO - Starting Habitica party management script: update_description.
2025-09-15 11:47:10,101 - DEBUG - Request: <function get at 0x0000022BBAE42840> https://sentence.iciba.com/?c=dailysentence&m=getTodaySentence
2025-09-15 11:47:15,435 - DEBUG - Request: <function get at 0x0000022BBAE42840> https://habitica.com/api/v3/groups/party/members
2025-09-15 12:26:16,027 - INFO - Starting Habitica party management script: update_description.
2025-09-15 12:26:16,333 - DEBUG - Request: <function get at 0x0000028829112840> https://sentence.iciba.com/?c=dailysentence&m=getTodaySentence
2025-09-15 12:26:19,100 - DEBUG - Request: <function get at 0x0000028829112840> https://habitica.com/api/v3/groups/party/members
2025-09-15 12:26:24,058 - DEBUG - Request: <function get at 0x0000028829112840> https://habitica.com/api/v3/members/018a0e53-dab9-478a-9b04-3b4d60f250ac
2025-09-15 12:26:28,134 - DEBUG - Request: <function get at 0x0000028829112840> https://habitica.com/api/v3/members/088d8c92-02b2-4e20-823d-1fab25549255
2025-09-15 12:26:33,522 - DEBUG - Request: <function get at 0x0000028829112840> https://habitica.com/api/v3/members/0b41e9cd-4d27-4841-b887-1d4faf7cb390
2025-09-15 12:26:36,781 - DEBUG - Request: <function get at 0x0000028829112840> https://habitica.com/api/v3/members/3e95e228-d253-482a-b95e-0130df2126e2
2025-09-15 12:26:39,656 - DEBUG - Request: <function get at 0x0000028829112840> https://habitica.com/api/v3/members/47073d7f-b68c-4e1e-9ec3-a763ebb974aa
2025-09-15 12:26:42,520 - DEBUG - Request: <function get at 0x0000028829112840> https://habitica.com/api/v3/members/64491d41-97f3-4428-b4d3-d7dda1cca648
2025-09-15 12:26:45,704 - DEBUG - Request: <function get at 0x0000028829112840> https://habitica.com/api/v3/members/65f2c0bf-9ca5-461c-af41-a39c9c921878
2025-09-15 12:26:50,368 - DEBUG - Request: <function get at 0x0000028829112840> https://habitica.com/api/v3/members/6db09709-d009-4174-b075-1ce03d52516a
2025-09-15 12:26:54,744 - DEBUG - Request: <function get at 0x0000028829112840> https://habitica.com/api/v3/members/7523a027-57da-45ae-aef0-9079599581cf
2025-09-15 12:28:35,664 - INFO - Starting Habitica party management script: update_description.
2025-09-15 12:28:36,101 - DEBUG - Request: <function get at 0x0000023448742840> https://sentence.iciba.com/?c=dailysentence&m=getTodaySentence
2025-09-15 12:28:40,111 - DEBUG - Request: <function get at 0x0000023448742840> https://habitica.com/api/v3/groups/party/members
2025-09-15 12:28:47,233 - DEBUG - Request: <function get at 0x0000023448742840> https://habitica.com/api/v3/members/018a0e53-dab9-478a-9b04-3b4d60f250ac
2025-09-15 12:28:50,489 - DEBUG - Request: <function get at 0x0000023448742840> https://habitica.com/api/v3/members/088d8c92-02b2-4e20-823d-1fab25549255
2025-09-15 12:28:55,517 - DEBUG - Request: <function get at 0x0000023448742840> https://habitica.com/api/v3/members/0b41e9cd-4d27-4841-b887-1d4faf7cb390
2025-09-15 12:28:59,264 - DEBUG - Request: <function get at 0x0000023448742840> https://habitica.com/api/v3/members/3e95e228-d253-482a-b95e-0130df2126e2
2025-09-15 12:29:02,098 - DEBUG - Request: <function get at 0x0000023448742840> https://habitica.com/api/v3/members/47073d7f-b68c-4e1e-9ec3-a763ebb974aa
2025-09-15 12:29:04,986 - DEBUG - Request: <function get at 0x0000023448742840> https://habitica.com/api/v3/members/64491d41-97f3-4428-b4d3-d7dda1cca648
2025-09-15 12:29:08,763 - DEBUG - Request: <function get at 0x0000023448742840> https://habitica.com/api/v3/members/65f2c0bf-9ca5-461c-af41-a39c9c921878
2025-09-15 12:29:12,136 - DEBUG - Request: <function get at 0x0000023448742840> https://habitica.com/api/v3/members/6db09709-d009-4174-b075-1ce03d52516a
2025-09-15 12:29:15,307 - DEBUG - Request: <function get at 0x0000023448742840> https://habitica.com/api/v3/members/7523a027-57da-45ae-aef0-9079599581cf
2025-09-15 12:29:18,754 - DEBUG - Request: <function get at 0x0000023448742840> https://habitica.com/api/v3/members/7b994239-779f-44b6-a409-af5623c3d73c
2025-09-15 12:29:23,495 - DEBUG - Request: <function get at 0x0000023448742840> https://habitica.com/api/v3/members/8e7e2b86-40df-4c29-add7-1fd4ad6f1518
2025-09-15 12:29:26,323 - DEBUG - Request: <function get at 0x0000023448742840> https://habitica.com/api/v3/members/9e169b42-8f3c-4cdd-acb4-1f07a9203206
2025-09-15 12:29:31,586 - DEBUG - Request: <function get at 0x0000023448742840> https://habitica.com/api/v3/members/afab3d53-5fa8-4654-9ed1-12281773cbed
2025-09-15 12:29:34,734 - DEBUG - Request: <function get at 0x0000023448742840> https://habitica.com/api/v3/members/b179230f-6bbb-4c93-ae9b-4b48f6d0d5a3
2025-09-15 12:29:37,527 - DEBUG - Request: <function get at 0x0000023448742840> https://habitica.com/api/v3/members/b508bbe6-435a-4ece-84a2-f62dfafe0799
2025-09-15 12:29:44,254 - DEBUG - Request: <function get at 0x0000023448742840> https://habitica.com/api/v3/members/b5119d0f-7044-4ec0-beea-eb03ff75b57f
2025-09-15 12:29:48,716 - DEBUG - Request: <function get at 0x0000023448742840> https://habitica.com/api/v3/members/d7a489cf-0c42-4f67-bd34-44c7dcc66425
2025-09-15 12:29:51,882 - DEBUG - Request: <function get at 0x0000023448742840> https://habitica.com/api/v3/members/dc80820e-26be-4e00-8547-2f12d03cd80d
2025-09-15 12:29:55,950 - DEBUG - Request: <function get at 0x0000023448742840> https://habitica.com/api/v3/members/e2ce7520-3ca5-45e1-acd7-4f65e14ab6c3
2025-09-15 12:29:58,647 - DEBUG - Request: <function get at 0x0000023448742840> https://habitica.com/api/v3/members/e4375523-016d-4beb-920b-a6abbfa1e703
2025-09-15 12:30:01,844 - DEBUG - Request: <function get at 0x0000023448742840> https://habitica.com/api/v3/members/e62e3fca-6970-4b47-b32f-61b6a94080ff
2025-09-15 12:30:05,912 - DEBUG - Request: <function put at 0x0000023448797600> https://habitica.com/api/v3/groups/party
2025-09-15 12:30:05,912 - INFO - Party description updated successfully.
2025-09-15 12:40:41,192 - INFO - Starting Habitica party management script: update_description.
2025-09-15 12:40:41,846 - DEBUG - Request: <function get at 0x0000024C918FE200> https://sentence.iciba.com/?c=dailysentence&m=getTodaySentence
2025-09-15 12:40:46,448 - DEBUG - Request: <function get at 0x0000024C918FE200> https://habitica.com/api/v3/groups/party/members
2025-09-15 12:40:50,736 - DEBUG - Request: <function get at 0x0000024C918FE200> https://habitica.com/api/v3/members/018a0e53-dab9-478a-9b04-3b4d60f250ac
2025-09-15 12:40:55,161 - DEBUG - Request: <function get at 0x0000024C918FE200> https://habitica.com/api/v3/members/088d8c92-02b2-4e20-823d-1fab25549255
2025-09-15 12:41:00,427 - DEBUG - Request: <function get at 0x0000024C918FE200> https://habitica.com/api/v3/members/0b41e9cd-4d27-4841-b887-1d4faf7cb390
2025-09-15 12:41:03,669 - DEBUG - Request: <function get at 0x0000024C918FE200> https://habitica.com/api/v3/members/3e95e228-d253-482a-b95e-0130df2126e2
2025-09-15 12:41:08,081 - DEBUG - Request: <function get at 0x0000024C918FE200> https://habitica.com/api/v3/members/47073d7f-b68c-4e1e-9ec3-a763ebb974aa
2025-09-15 12:41:12,875 - DEBUG - Request: <function get at 0x0000024C918FE200> https://habitica.com/api/v3/members/64491d41-97f3-4428-b4d3-d7dda1cca648
2025-09-15 12:41:16,398 - DEBUG - Request: <function get at 0x0000024C918FE200> https://habitica.com/api/v3/members/65f2c0bf-9ca5-461c-af41-a39c9c921878
2025-09-15 12:41:21,408 - DEBUG - Request: <function get at 0x0000024C918FE200> https://habitica.com/api/v3/members/6db09709-d009-4174-b075-1ce03d52516a
2025-09-15 12:41:25,514 - DEBUG - Request: <function get at 0x0000024C918FE200> https://habitica.com/api/v3/members/7523a027-57da-45ae-aef0-9079599581cf
2025-09-15 12:41:29,195 - DEBUG - Request: <function get at 0x0000024C918FE200> https://habitica.com/api/v3/members/7b994239-779f-44b6-a409-af5623c3d73c
2025-09-15 12:41:32,517 - DEBUG - Request: <function get at 0x0000024C918FE200> https://habitica.com/api/v3/members/8e7e2b86-40df-4c29-add7-1fd4ad6f1518
2025-09-15 12:41:37,074 - DEBUG - Request: <function get at 0x0000024C918FE200> https://habitica.com/api/v3/members/9e169b42-8f3c-4cdd-acb4-1f07a9203206
2025-09-15 12:41:41,664 - DEBUG - Request: <function get at 0x0000024C918FE200> https://habitica.com/api/v3/members/afab3d53-5fa8-4654-9ed1-12281773cbed
2025-09-15 12:41:47,768 - DEBUG - Request: <function get at 0x0000024C918FE200> https://habitica.com/api/v3/members/b179230f-6bbb-4c93-ae9b-4b48f6d0d5a3
2025-09-15 12:41:52,015 - DEBUG - Request: <function get at 0x0000024C918FE200> https://habitica.com/api/v3/members/b508bbe6-435a-4ece-84a2-f62dfafe0799
2025-09-15 12:41:55,704 - DEBUG - Request: <function get at 0x0000024C918FE200> https://habitica.com/api/v3/members/b5119d0f-7044-4ec0-beea-eb03ff75b57f
2025-09-15 12:42:01,989 - DEBUG - Request: <function get at 0x0000024C918FE200> https://habitica.com/api/v3/members/d7a489cf-0c42-4f67-bd34-44c7dcc66425
2025-09-15 12:42:05,562 - DEBUG - Request: <function get at 0x0000024C918FE200> https://habitica.com/api/v3/members/dc80820e-26be-4e00-8547-2f12d03cd80d
2025-09-15 12:42:09,899 - DEBUG - Request: <function get at 0x0000024C918FE200> https://habitica.com/api/v3/members/e2ce7520-3ca5-45e1-acd7-4f65e14ab6c3
2025-09-15 12:42:14,525 - DEBUG - Request: <function get at 0x0000024C918FE200> https://habitica.com/api/v3/members/e4375523-016d-4beb-920b-a6abbfa1e703
2025-09-15 12:42:20,360 - DEBUG - Request: <function get at 0x0000024C918FE200> https://habitica.com/api/v3/members/e62e3fca-6970-4b47-b32f-61b6a94080ff
2025-09-15 12:42:25,189 - DEBUG - Request: <function put at 0x0000024C91940F40> https://habitica.com/api/v3/groups/party
2025-09-15 12:42:25,189 - INFO - Party description updated successfully.
